<?xml version="1.0" encoding="utf-8"?><testsuites name="pytest tests"><testsuite name="pytest" errors="0" failures="0" skipped="0" tests="11" time="1.930" timestamp="2026-05-10T13:37:38.369333+00:00" hostname="agent-env-2a678cf2-5915-4a43-b10d-ba539a8bcbe3"><testcase classname="backend.tests.test_mobile_compat.TestAdminLogin" name="test_login_wrong_password" time="0.431" /><testcase classname="backend.tests.test_mobile_compat.TestAdminLogin" name="test_login_disallowed_mobile" time="0.049" /><testcase classname="backend.tests.test_mobile_compat.TestAdminLogin" name="test_login_success_returns_token" time="0.279" /><testcase classname="backend.tests.test_mobile_compat.TestAuthGuard" name="test_users_without_token" time="0.047" /><testcase classname="backend.tests.test_mobile_compat.TestAuthGuard" name="test_users_with_invalid_token" time="0.051" /><testcase classname="backend.tests.test_mobile_compat.TestAuthorizedUsersCRUD" name="test_list_users" time="0.047" /><testcase classname="backend.tests.test_mobile_compat.TestAuthorizedUsersCRUD" name="test_add_then_duplicate_then_delete_then_history" time="0.523" /><testcase classname="backend.tests.test_mobile_compat.TestAuthorizedUsersCRUD" name="test_delete_nonexistent_returns_404" time="0.045" /><testcase classname="backend.tests.test_mobile_compat.TestCheckAuthorizedPublic" name="test_seeded_mobile_authorized" time="0.047" /><testcase classname="backend.tests.test_mobile_compat.TestCheckAuthorizedPublic" name="test_unknown_mobile_not_authorized" time="0.048" /><testcase classname="backend.tests.test_mobile_compat.TestCheckAuthorizedPublic" name="test_invalid_mobile_short" time="0.046" /></testsuite></testsuites>