<?xml version="1.0" encoding="utf-8"?><testsuites name="pytest tests"><testsuite name="pytest" errors="0" failures="0" skipped="0" tests="11" time="1.831" timestamp="2026-05-10T14:06:29.911159+00:00" hostname="agent-env-2a678cf2-5915-4a43-b10d-ba539a8bcbe3"><testcase classname="backend.tests.test_mobile_compat.TestAdminLogin" name="test_login_wrong_password" time="0.439" /><testcase classname="backend.tests.test_mobile_compat.TestAdminLogin" name="test_login_disallowed_mobile" time="0.050" /><testcase classname="backend.tests.test_mobile_compat.TestAdminLogin" name="test_login_success_returns_token" time="0.275" /><testcase classname="backend.tests.test_mobile_compat.TestAuthGuard" name="test_users_without_token" time="0.050" /><testcase classname="backend.tests.test_mobile_compat.TestAuthGuard" name="test_users_with_invalid_token" time="0.048" /><testcase classname="backend.tests.test_mobile_compat.TestAuthorizedUsersCRUD" name="test_list_users" time="0.053" /><testcase classname="backend.tests.test_mobile_compat.TestAuthorizedUsersCRUD" name="test_add_then_duplicate_then_delete_then_history" time="0.443" /><testcase classname="backend.tests.test_mobile_compat.TestAuthorizedUsersCRUD" name="test_delete_nonexistent_returns_404" time="0.047" /><testcase classname="backend.tests.test_mobile_compat.TestCheckAuthorizedPublic" name="test_seeded_mobile_authorized" time="0.054" /><testcase classname="backend.tests.test_mobile_compat.TestCheckAuthorizedPublic" name="test_unknown_mobile_not_authorized" time="0.051" /><testcase classname="backend.tests.test_mobile_compat.TestCheckAuthorizedPublic" name="test_invalid_mobile_short" time="0.050" /></testsuite></testsuites>