<?xml version="1.0" encoding="utf-8"?><testsuites name="pytest tests"><testsuite name="pytest" errors="0" failures="0" skipped="0" tests="11" time="5.167" timestamp="2026-06-10T10:04:45.847229+00:00" hostname="agent-env-2a678cf2-5915-4a43-b10d-ba539a8bcbe3"><testcase classname="backend.tests.test_recordings.TestPublicGate" name="test_invalid_short_mobile_returns_400" time="0.744" /><testcase classname="backend.tests.test_recordings.TestPublicGate" name="test_unauthorized_mobile_returns_403" time="0.110" /><testcase classname="backend.tests.test_recordings.TestPublicGate" name="test_authorized_admin_mobile_returns_200" time="0.139" /><testcase classname="backend.tests.test_recordings.TestAdminCRUD" name="test_list_sections_initial" time="0.133" /><testcase classname="backend.tests.test_recordings.TestAdminCRUD" name="test_create_section_and_video_flow" time="0.840" /><testcase classname="backend.tests.test_recordings.TestAdminCRUD" name="test_cascade_delete_section_removes_videos" time="0.600" /><testcase classname="backend.tests.test_recordings.TestAuthFiltering" name="test_filtering_visible_and_hidden" time="0.582" /><testcase classname="backend.tests.test_recordings.TestAuthFiltering" name="test_section_with_no_visible_videos_is_hidden" time="0.314" /><testcase classname="backend.tests.test_recordings.TestExpiry" name="test_expired_mobile_returns_403" time="0.243" /><testcase classname="backend.tests.test_recordings.TestRegression" name="test_check_authorized_still_works" time="0.098" /><testcase classname="backend.tests.test_recordings.TestRegression" name="test_check_unauthorized_random_number" time="1.299" /></testsuite></testsuites>